<?xml version="1.0" encoding="UTF-8"?>
<testsuite name="com.demo.parcialmagneto.services.DnaServiceTest" tests="10" skipped="0" failures="0" errors="0" timestamp="2024-11-02T22:30:22" hostname="DESKTOP-VH3S811" time="0.255">
  <properties/>
  <testcase name="testSecondaryRightDiagonals()" classname="com.demo.parcialmagneto.services.DnaServiceTest" time="0.118"/>
  <testcase name="testTertiaryRightDiagonals()" classname="com.demo.parcialmagneto.services.DnaServiceTest" time="0.005"/>
  <testcase name="testMainDiagonals()" classname="com.demo.parcialmagneto.services.DnaServiceTest" time="0.004"/>
  <testcase name="testTertiaryLeftDiagonals()" classname="com.demo.parcialmagneto.services.DnaServiceTest" time="0.008"/>
  <testcase name="testRows()" classname="com.demo.parcialmagneto.services.DnaServiceTest" time="0.01"/>
  <testcase name="testSecondaryLeftDiagonals()" classname="com.demo.parcialmagneto.services.DnaServiceTest" time="0.001"/>
  <testcase name="testColumns()" classname="com.demo.parcialmagneto.services.DnaServiceTest" time="0.014"/>
  <testcase name="testNonMutant()" classname="com.demo.parcialmagneto.services.DnaServiceTest" time="0.008"/>
  <testcase name="testMutant1()" classname="com.demo.parcialmagneto.services.DnaServiceTest" time="0.004"/>
  <testcase name="testNonMutant1()" classname="com.demo.parcialmagneto.services.DnaServiceTest" time="0.004"/>
  <system-out><![CDATA[]]></system-out>
  <system-err><![CDATA[]]></system-err>
</testsuite>
